f:\mywork\ctp-follow\quantbox\debug\trader.obj
f:\mywork\ctp-follow\quantbox\debug\moc_mainsetting.obj
f:\mywork\ctp-follow\quantbox\debug\mainwindow.obj
f:\mywork\ctp-follow\quantbox\debug\traderspi.obj
f:\mywork\ctp-follow\quantbox\debug\moc_trader.obj
f:\mywork\ctp-follow\quantbox\debug\followsetting.obj
f:\mywork\ctp-follow\quantbox\debug\moc_strategysetting.obj
f:\mywork\ctp-follow\quantbox\debug\qrc_mainwindow.obj
f:\mywork\ctp-follow\quantbox\debug\brokermanage.obj
f:\mywork\ctp-follow\quantbox\debug\moc_mainwindow.obj
f:\mywork\ctp-follow\quantbox\debug\mainsetting.obj
f:\mywork\ctp-follow\quantbox\debug\moc_followsetting.obj
f:\mywork\ctp-follow\quantbox\debug\moc_traderspi.obj
f:\mywork\ctp-follow\quantbox\debug\strategysetting.obj
f:\mywork\ctp-follow\quantbox\debug\moc_brokermanage.obj
f:\mywork\ctp-follow\quantbox\debug\main.obj
f:\mywork\ctp-follow\quantbox\debug\vc141.pdb
f:\mywork\ctp-follow\win32\debug\quantbox.exe
f:\mywork\ctp-follow\win32\debug\quantbox.ilk
f:\mywork\ctp-follow\win32\debug\quantbox.pdb
f:\mywork\ctp-follow\quantbox\generatedfiles\debug\moc_mainwindow.cpp
f:\mywork\ctp-follow\quantbox\generatedfiles\debug\moc_mainsetting.cpp
f:\mywork\ctp-follow\quantbox\generatedfiles\debug\moc_followsetting.cpp
f:\mywork\ctp-follow\quantbox\generatedfiles\debug\moc_trader.cpp
f:\mywork\ctp-follow\quantbox\generatedfiles\debug\moc_traderspi.cpp
f:\mywork\ctp-follow\quantbox\generatedfiles\debug\moc_brokermanage.cpp
f:\mywork\ctp-follow\quantbox\generatedfiles\debug\moc_strategysetting.cpp
f:\mywork\ctp-follow\quantbox\generatedfiles\qrc_mainwindow.cpp
f:\mywork\ctp-follow\quantbox\generatedfiles\ui_mainwindow.h
f:\mywork\ctp-follow\quantbox\generatedfiles\ui_mainsetting.h
f:\mywork\ctp-follow\quantbox\generatedfiles\ui_followsetting.h
f:\mywork\ctp-follow\quantbox\generatedfiles\ui_brokermanage.h
f:\mywork\ctp-follow\quantbox\generatedfiles\ui_strategysetting.h
f:\mywork\ctp-follow\quantbox\debug\quantbox.res
f:\mywork\ctp-follow\quantbox\debug\quantbox.tlog\cl.command.1.tlog
f:\mywork\ctp-follow\quantbox\debug\quantbox.tlog\cl.read.1.tlog
f:\mywork\ctp-follow\quantbox\debug\quantbox.tlog\cl.write.1.tlog
f:\mywork\ctp-follow\quantbox\debug\quantbox.tlog\link.command.1.tlog
f:\mywork\ctp-follow\quantbox\debug\quantbox.tlog\link.read.1.tlog
f:\mywork\ctp-follow\quantbox\debug\quantbox.tlog\link.write.1.tlog
f:\mywork\ctp-follow\quantbox\debug\quantbox.tlog\quantbox.write.1u.tlog
f:\mywork\ctp-follow\quantbox\debug\quantbox.tlog\rc.command.1.tlog
f:\mywork\ctp-follow\quantbox\debug\quantbox.tlog\rc.read.1.tlog
f:\mywork\ctp-follow\quantbox\debug\quantbox.tlog\rc.write.1.tlog
